<?xml version="1.0" encoding="UTF-8"?>
<!-- Generated by org.testng.reporters.JUnitXMLReporter -->
<testsuite ignored="2" hostname="DESKTOP-KQQB62G" failures="0" tests="3" name="Default test" time="3.764" errors="0" timestamp="2025-04-19T23:58:14 AST">
  <testcase classname="firstproject.test" name="login" time="0.743"/>
  <testcase classname="firstproject.test" name="addAllItem" time="0.667"/>
  <testcase classname="firstproject.test" name="printText" time="0.166"/>
  <testcase classname="firstproject.test" name="removeAllItem" time="0.0">
    <ignored/>
  </testcase> <!-- removeAllItem -->
  <testcase classname="firstproject.test" name="Logout" time="0.0">
    <ignored/>
  </testcase> <!-- Logout -->
</testsuite> <!-- Default test -->
