<?xml version="1.0" encoding="UTF-8"?>
<testng-results ignored="0" total="1" passed="1" failed="0" skipped="0">
  <reporter-output>
  </reporter-output>
  <suite started-at="2025-04-28T21:29:28 AST" name="Default suite" finished-at="2025-04-28T21:29:37 AST" duration-ms="9192">
    <groups>
    </groups>
    <test started-at="2025-04-28T21:29:28 AST" name="Default test" finished-at="2025-04-28T21:29:37 AST" duration-ms="9192">
      <class name="firstproject.attribute">
        <test-method is-config="true" signature="mySetup()[pri:0, instance:firstproject.attribute@45815ffc]" started-at="2025-04-28T21:29:28 AST" name="mySetup" finished-at="2025-04-28T21:29:34 AST" duration-ms="6345" status="PASS">
          <reporter-output>
          </reporter-output>
        </test-method> <!-- mySetup -->
        <test-method signature="login()[pri:0, instance:firstproject.attribute@45815ffc]" started-at="2025-04-28T21:29:35 AST" name="login" finished-at="2025-04-28T21:29:37 AST" duration-ms="2785" status="PASS">
          <reporter-output>
          </reporter-output>
        </test-method> <!-- login -->
      </class> <!-- firstproject.attribute -->
    </test> <!-- Default test -->
  </suite> <!-- Default suite -->
</testng-results>
