<?xml version="1.0" encoding="UTF-8"?>
<testng-results ignored="2" total="5" passed="3" failed="0" skipped="0">
  <reporter-output>
  </reporter-output>
  <suite started-at="2025-04-19T23:58:10 AST" name="Default suite" finished-at="2025-04-19T23:58:14 AST" duration-ms="3764">
    <groups>
    </groups>
    <test started-at="2025-04-19T23:58:10 AST" name="Default test" finished-at="2025-04-19T23:58:14 AST" duration-ms="3764">
      <class name="firstproject.test">
        <test-method is-config="true" signature="mySetUp()[pri:0, instance:firstproject.test@60990e5c]" started-at="2025-04-19T23:58:10 AST" name="mySetUp" finished-at="2025-04-19T23:58:12 AST" duration-ms="2081" status="PASS">
          <reporter-output>
          </reporter-output>
        </test-method> <!-- mySetUp -->
        <test-method signature="login()[pri:1, instance:firstproject.test@60990e5c]" started-at="2025-04-19T23:58:12 AST" name="login" finished-at="2025-04-19T23:58:13 AST" duration-ms="743" status="PASS">
          <reporter-output>
          </reporter-output>
        </test-method> <!-- login -->
        <test-method signature="addAllItem()[pri:2, instance:firstproject.test@60990e5c]" started-at="2025-04-19T23:58:13 AST" name="addAllItem" finished-at="2025-04-19T23:58:14 AST" duration-ms="667" status="PASS">
          <reporter-output>
          </reporter-output>
        </test-method> <!-- addAllItem -->
        <test-method signature="printText()[pri:4, instance:firstproject.test@60990e5c]" started-at="2025-04-19T23:58:14 AST" name="printText" finished-at="2025-04-19T23:58:14 AST" duration-ms="166" status="PASS">
          <reporter-output>
          </reporter-output>
        </test-method> <!-- printText -->
        <test-method is-config="true" signature="afterTest()[pri:0, instance:firstproject.test@60990e5c]" started-at="2025-04-19T23:58:14 AST" name="afterTest" finished-at="2025-04-19T23:58:14 AST" duration-ms="0" status="PASS">
          <reporter-output>
          </reporter-output>
        </test-method> <!-- afterTest -->
      </class> <!-- firstproject.test -->
    </test> <!-- Default test -->
  </suite> <!-- Default suite -->
</testng-results>
